UI Thread Error : Exception has been thrown by the target of an invocation.Unhandled Error : System.Reflection.TargetInvocationException: Exception has been thrown by the target of an invocation. ---> System.NullReferenceException: Object reference not set to an instance of an object.
   at DawnTech.MainWindow..ctor() in C:\Users\OSKA\Desktop\Git Repo\C#\DawnTech\DawnTech\MainWindow.xaml.cs:line 32
   --- End of inner exception stack trace ---
   at System.RuntimeTypeHandle.CreateInstance(RuntimeType type, Boolean publicOnly, Boolean noCheck, Boolean& canBeCached, RuntimeMethodHandleInternal& ctor, Boolean& bNeedSecurityCheck)
   at System.RuntimeType.CreateInstanceSlow(Boolean publicOnly, Boolean skipCheckThis, Boolean fillCache, StackCrawlMark& stackMark)
   at System.RuntimeType.CreateInstanceDefaultCtor(Boolean publicOnly, Boolean skipCheckThis, Boolean fillCache, StackCrawlMark& stackMark)
   at System.Activator.CreateInstance(Type type, Boolean nonPublic)
   at System.RuntimeType.CreateInstanceImpl(BindingFlags bindingAttr, Binder binder, Object[] args, CultureInfo culture, Object[] activationAttributes, StackCrawlMark& stackMark)
   at System.Activator.CreateInstance(Type type, BindingFlags bindingAttr, Binder binder, Object[] args, CultureInfo culture, Object[] activationAttributes)
   at System.Activator.CreateInstance(Type type, Object[] args)
   at System.Xaml.Schema.SafeReflectionInvoker.CreateInstanceCritical(Type type, Object[] arguments)
   at System.Xaml.Schema.SafeReflectionInvoker.CreateInstance(Type type, Object[] arguments)
   at System.Xaml.Schema.XamlTypeInvoker.CreateInstance(Object[] arguments)
   at MS.Internal.Xaml.Runtime.ClrObjectRuntime.CreateInstanceWithCtor(XamlType xamlType, Object[] args)
   at MS.Internal.Xaml.Runtime.ClrObjectRuntime.CreateInstance(XamlType xamlType, Object[] args)
   at System.Xaml.XamlObjectWriter.Logic_CreateAndAssignToParentStart(ObjectWriterContext ctx)
   at System.Xaml.XamlObjectWriter.WriteStartMember(XamlMember property)
   at System.Xaml.XamlWriter.WriteNode(XamlReader reader)
   at System.Windows.Markup.WpfXamlLoader.TransformNodes(XamlReader xamlReader, XamlObjectWriter xamlWriter, Boolean onlyLoadOneNode, Boolean skipJournaledProperties, Boolean shouldPassLineNumberInfo, IXamlLineInfo xamlLineInfo, IXamlLineInfoConsumer xamlLineInfoConsumer, XamlContextStack`1 stack, IStyleConnector styleConnector)
   at System.Windows.Markup.WpfXamlLoader.Load(XamlReader xamlReader, IXamlObjectWriterFactory writerFactory, Boolean skipJournaledProperties, Object rootObject, XamlObjectWriterSettings settings, Uri baseUri)
   at System.Windows.Markup.WpfXamlLoader.LoadBaml(XamlReader xamlReader, Boolean skipJournaledProperties, Object rootObject, XamlAccessLevel accessLevel, Uri baseUri)
   at System.Windows.Markup.XamlReader.LoadBaml(Stream stream, ParserContext parserContext, Object parent, Boolean closeStream)
   at System.Windows.Application.LoadBamlStreamWithSyncInfo(Stream stream, ParserContext pc)
   at System.Windows.Application.LoadComponent(Uri resourceLocator, Boolean bSkipJournaledProperties)
   at System.Windows.Application.DoStartup()
   at System.Windows.Application.<.ctor>b__1_0(Object unused)
   at System.Windows.Threading.ExceptionWrapper.InternalRealCall(Delegate callback, Object args, Int32 numArgs)
   at System.Windows.Threading.ExceptionWrapper.TryCatchWhen(Object source, Delegate callback, Object args, Int32 numArgs, Delegate catchHandler)
   at System.Windows.Threading.DispatcherOperation.InvokeImpl()
   at System.Windows.Threading.DispatcherOperation.InvokeInSecurityContext(Object state)
   at MS.Internal.CulturePreservingExecutionContext.CallbackWrapper(Object obj)
   at System.Threading.ExecutionContext.RunInternal(ExecutionContext executionContext, ContextCallback callback, Object state, Boolean preserveSyncCtx)
   at System.Threading.ExecutionContext.Run(ExecutionContext executionContext, ContextCallback callback, Object state, Boolean preserveSyncCtx)
   at System.Threading.ExecutionContext.Run(ExecutionContext executionContext, ContextCallback callback, Object state)
   at MS.Internal.CulturePreservingExecutionContext.Run(CulturePreservingExecutionContext executionContext, ContextCallback callback, Object state)
   at System.Windows.Threading.DispatcherOperation.Invoke()
   at System.Windows.Threading.Dispatcher.ProcessQueue()
   at System.Windows.Threading.Dispatcher.WndProcHook(IntPtr hwnd, Int32 msg, IntPtr wParam, IntPtr lParam, Boolean& handled)
   at MS.Win32.HwndWrapper.WndProc(IntPtr hwnd, Int32 msg, IntPtr wParam, IntPtr lParam, Boolean& handled)
   at MS.Win32.HwndSubclass.DispatcherCallbackOperation(Object o)
   at System.Windows.Threading.ExceptionWrapper.InternalRealCall(Delegate callback, Object args, Int32 numArgs)
   at System.Windows.Threading.ExceptionWrapper.TryCatchWhen(Object source, Delegate callback, Object args, Int32 numArgs, Delegate catchHandler)
   at System.Windows.Threading.Dispatcher.LegacyInvokeImpl(DispatcherPriority priority, TimeSpan timeout, Delegate method, Object args, Int32 numArgs)
   at MS.Win32.HwndSubclass.SubclassWndProc(IntPtr hwnd, Int32 msg, IntPtr wParam, IntPtr lParam)
   at MS.Win32.UnsafeNativeMethods.DispatchMessage(MSG& msg)
   at System.Windows.Threading.Dispatcher.PushFrameImpl(DispatcherFrame frame)
   at System.Windows.Threading.Dispatcher.PushFrame(DispatcherFrame frame)
   at System.Windows.Application.RunDispatcher(Object ignore)
   at System.Windows.Application.RunInternal(Window window)
   at System.Windows.Application.Run(Window window)
   at System.Windows.Application.Run()
   at DawnTech.App.Main()UI Thread Error : 'The invocation of the constructor on type 'DawnTech.MainWindow' that matches the specified binding constraints threw an exception.' Line number '6' and line position '9'.Unhandled Error : System.Windows.Markup.XamlParseException: 'The invocation of the constructor on type 'DawnTech.MainWindow' that matches the specified binding constraints threw an exception.' Line number '6' and line position '9'. ---> Newtonsoft.Json.JsonSerializationException: Unexpected end when deserializing object. Path 'ConfirmDate', line 1, position 343.
   at Newtonsoft.Json.Serialization.JsonSerializerInternalReader.ThrowUnexpectedEndException(JsonReader reader, JsonContract contract, Object currentObject, String message)
   at Newtonsoft.Json.Serialization.JsonSerializerInternalReader.PopulateObject(Object newObject, JsonReader reader, JsonObjectContract contract, JsonProperty member, String id)
   at Newtonsoft.Json.Serialization.JsonSerializerInternalReader.CreateObject(JsonReader reader, Type objectType, JsonContract contract, JsonProperty member, JsonContainerContract containerContract, JsonProperty containerMember, Object existingValue)
   at Newtonsoft.Json.Serialization.JsonSerializerInternalReader.CreateValueInternal(JsonReader reader, Type objectType, JsonContract contract, JsonProperty member, JsonContainerContract containerContract, JsonProperty containerMember, Object existingValue)
   at Newtonsoft.Json.Serialization.JsonSerializerInternalReader.Deserialize(JsonReader reader, Type objectType, Boolean checkAdditionalContent)
   at Newtonsoft.Json.JsonSerializer.DeserializeInternal(JsonReader reader, Type objectType)
   at Newtonsoft.Json.JsonConvert.DeserializeObject(String value, Type type, JsonSerializerSettings settings)
   at Newtonsoft.Json.JsonConvert.DeserializeObject[T](String value, JsonSerializerSettings settings)
   at Newtonsoft.Json.JsonConvert.DeserializeObject[T](String value)
   at DawnTech.IJsonObject`1.GetList() in C:\Users\OSKA\Desktop\Git Repo\C#\DawnTech\DawnTech\inteface\IJsonObject.cs:line 30
   at DawnTech.wfgui.EmployeeDataDisplay.InitializeView() in C:\Users\OSKA\Desktop\Git Repo\C#\DawnTech\DawnTech\wfgui\EmployeeDataDisplay.cs:line 52
   at DawnTech.wfgui.EmployeeDataDisplay..ctor() in C:\Users\OSKA\Desktop\Git Repo\C#\DawnTech\DawnTech\wfgui\EmployeeDataDisplay.cs:line 26
   at DawnTech.MainWindow.InitializeUI() in C:\Users\OSKA\Desktop\Git Repo\C#\DawnTech\DawnTech\MainWindow.xaml.cs:line 45
   at DawnTech.MainWindow..ctor() in C:\Users\OSKA\Desktop\Git Repo\C#\DawnTech\DawnTech\MainWindow.xaml.cs:line 39
   --- End of inner exception stack trace ---
   at System.Windows.Markup.WpfXamlLoader.Load(XamlReader xamlReader, IXamlObjectWriterFactory writerFactory, Boolean skipJournaledProperties, Object rootObject, XamlObjectWriterSettings settings, Uri baseUri)
   at System.Windows.Markup.WpfXamlLoader.LoadBaml(XamlReader xamlReader, Boolean skipJournaledProperties, Object rootObject, XamlAccessLevel accessLevel, Uri baseUri)
   at System.Windows.Markup.XamlReader.LoadBaml(Stream stream, ParserContext parserContext, Object parent, Boolean closeStream)
   at System.Windows.Application.LoadBamlStreamWithSyncInfo(Stream stream, ParserContext pc)
   at System.Windows.Application.LoadComponent(Uri resourceLocator, Boolean bSkipJournaledProperties)
   at System.Windows.Application.DoStartup()
   at System.Windows.Application.<.ctor>b__1_0(Object unused)
   at System.Windows.Threading.ExceptionWrapper.InternalRealCall(Delegate callback, Object args, Int32 numArgs)
   at System.Windows.Threading.ExceptionWrapper.TryCatchWhen(Object source, Delegate callback, Object args, Int32 numArgs, Delegate catchHandler)
   at System.Windows.Threading.DispatcherOperation.InvokeImpl()
   at System.Windows.Threading.DispatcherOperation.InvokeInSecurityContext(Object state)
   at MS.Internal.CulturePreservingExecutionContext.CallbackWrapper(Object obj)
   at System.Threading.ExecutionContext.RunInternal(ExecutionContext executionContext, ContextCallback callback, Object state, Boolean preserveSyncCtx)
   at System.Threading.ExecutionContext.Run(ExecutionContext executionContext, ContextCallback callback, Object state, Boolean preserveSyncCtx)
   at System.Threading.ExecutionContext.Run(ExecutionContext executionContext, ContextCallback callback, Object state)
   at MS.Internal.CulturePreservingExecutionContext.Run(CulturePreservingExecutionContext executionContext, ContextCallback callback, Object state)
   at System.Windows.Threading.DispatcherOperation.Invoke()
   at System.Windows.Threading.Dispatcher.ProcessQueue()
   at System.Windows.Threading.Dispatcher.WndProcHook(IntPtr hwnd, Int32 msg, IntPtr wParam, IntPtr lParam, Boolean& handled)
   at MS.Win32.HwndWrapper.WndProc(IntPtr hwnd, Int32 msg, IntPtr wParam, IntPtr lParam, Boolean& handled)
   at MS.Win32.HwndSubclass.DispatcherCallbackOperation(Object o)
   at System.Windows.Threading.ExceptionWrapper.InternalRealCall(Delegate callback, Object args, Int32 numArgs)
   at System.Windows.Threading.ExceptionWrapper.TryCatchWhen(Object source, Delegate callback, Object args, Int32 numArgs, Delegate catchHandler)
   at System.Windows.Threading.Dispatcher.LegacyInvokeImpl(DispatcherPriority priority, TimeSpan timeout, Delegate method, Object args, Int32 numArgs)
   at MS.Win32.HwndSubclass.SubclassWndProc(IntPtr hwnd, Int32 msg, IntPtr wParam, IntPtr lParam)
   at MS.Win32.UnsafeNativeMethods.DispatchMessage(MSG& msg)
   at System.Windows.Threading.Dispatcher.PushFrameImpl(DispatcherFrame frame)
   at System.Windows.Threading.Dispatcher.PushFrame(DispatcherFrame frame)
   at System.Windows.Application.RunDispatcher(Object ignore)
   at System.Windows.Application.RunInternal(Window window)
   at System.Windows.Application.Run(Window window)
   at System.Windows.Application.Run()
   at DawnTech.App.Main()UI Thread Error : 'The invocation of the constructor on type 'DawnTech.MainWindow' that matches the specified binding constraints threw an exception.' Line number '6' and line position '9'.Unhandled Error : System.Windows.Markup.XamlParseException: 'The invocation of the constructor on type 'DawnTech.MainWindow' that matches the specified binding constraints threw an exception.' Line number '6' and line position '9'. ---> System.Data.DuplicateNameException: A column named 'TOTAL' already belongs to this DataTable.
   at System.Data.DataColumnCollection.RegisterColumnName(String name, DataColumn column)
   at System.Data.DataColumnCollection.BaseAdd(DataColumn column)
   at System.Data.DataColumnCollection.AddAt(Int32 index, DataColumn column)
   at System.Data.DataColumnCollection.Add(String columnName)
   at DawnTech.wfgui.ReportDataDisplay.InitializeUI() in C:\Users\OSKA\Desktop\Git Repo\C#\DawnTech\DawnTech\wfgui\ReportDataDisplay.cs:line 47
   at DawnTech.wfgui.ReportDataDisplay..ctor() in C:\Users\OSKA\Desktop\Git Repo\C#\DawnTech\DawnTech\wfgui\ReportDataDisplay.cs:line 21
   at DawnTech.MainWindow.InitializeUI() in C:\Users\OSKA\Desktop\Git Repo\C#\DawnTech\DawnTech\MainWindow.xaml.cs:line 67
   at DawnTech.MainWindow..ctor() in C:\Users\OSKA\Desktop\Git Repo\C#\DawnTech\DawnTech\MainWindow.xaml.cs:line 39
   --- End of inner exception stack trace ---
   at System.Windows.Markup.WpfXamlLoader.Load(XamlReader xamlReader, IXamlObjectWriterFactory writerFactory, Boolean skipJournaledProperties, Object rootObject, XamlObjectWriterSettings settings, Uri baseUri)
   at System.Windows.Markup.WpfXamlLoader.LoadBaml(XamlReader xamlReader, Boolean skipJournaledProperties, Object rootObject, XamlAccessLevel accessLevel, Uri baseUri)
   at System.Windows.Markup.XamlReader.LoadBaml(Stream stream, ParserContext parserContext, Object parent, Boolean closeStream)
   at System.Windows.Application.LoadBamlStreamWithSyncInfo(Stream stream, ParserContext pc)
   at System.Windows.Application.LoadComponent(Uri resourceLocator, Boolean bSkipJournaledProperties)
   at System.Windows.Application.DoStartup()
   at System.Windows.Application.<.ctor>b__1_0(Object unused)
   at System.Windows.Threading.ExceptionWrapper.InternalRealCall(Delegate callback, Object args, Int32 numArgs)
   at System.Windows.Threading.ExceptionWrapper.TryCatchWhen(Object source, Delegate callback, Object args, Int32 numArgs, Delegate catchHandler)
   at System.Windows.Threading.DispatcherOperation.InvokeImpl()
   at System.Windows.Threading.DispatcherOperation.InvokeInSecurityContext(Object state)
   at MS.Internal.CulturePreservingExecutionContext.CallbackWrapper(Object obj)
   at System.Threading.ExecutionContext.RunInternal(ExecutionContext executionContext, ContextCallback callback, Object state, Boolean preserveSyncCtx)
   at System.Threading.ExecutionContext.Run(ExecutionContext executionContext, ContextCallback callback, Object state, Boolean preserveSyncCtx)
   at System.Threading.ExecutionContext.Run(ExecutionContext executionContext, ContextCallback callback, Object state)
   at MS.Internal.CulturePreservingExecutionContext.Run(CulturePreservingExecutionContext executionContext, ContextCallback callback, Object state)
   at System.Windows.Threading.DispatcherOperation.Invoke()
   at System.Windows.Threading.Dispatcher.ProcessQueue()
   at System.Windows.Threading.Dispatcher.WndProcHook(IntPtr hwnd, Int32 msg, IntPtr wParam, IntPtr lParam, Boolean& handled)
   at MS.Win32.HwndWrapper.WndProc(IntPtr hwnd, Int32 msg, IntPtr wParam, IntPtr lParam, Boolean& handled)
   at MS.Win32.HwndSubclass.DispatcherCallbackOperation(Object o)
   at System.Windows.Threading.ExceptionWrapper.InternalRealCall(Delegate callback, Object args, Int32 numArgs)
   at System.Windows.Threading.ExceptionWrapper.TryCatchWhen(Object source, Delegate callback, Object args, Int32 numArgs, Delegate catchHandler)
   at System.Windows.Threading.Dispatcher.LegacyInvokeImpl(DispatcherPriority priority, TimeSpan timeout, Delegate method, Object args, Int32 numArgs)
   at MS.Win32.HwndSubclass.SubclassWndProc(IntPtr hwnd, Int32 msg, IntPtr wParam, IntPtr lParam)
   at MS.Win32.UnsafeNativeMethods.DispatchMessage(MSG& msg)
   at System.Windows.Threading.Dispatcher.PushFrameImpl(DispatcherFrame frame)
   at System.Windows.Threading.Dispatcher.PushFrame(DispatcherFrame frame)
   at System.Windows.Application.RunDispatcher(Object ignore)
   at System.Windows.Application.RunInternal(Window window)
   at System.Windows.Application.Run(Window window)
   at System.Windows.Application.Run()
   at DawnTech.App.Main()UI Thread Error : 'The invocation of the constructor on type 'DawnTech.MainWindow' that matches the specified binding constraints threw an exception.' Line number '6' and line position '9'.Unhandled Error : System.Windows.Markup.XamlParseException: 'The invocation of the constructor on type 'DawnTech.MainWindow' that matches the specified binding constraints threw an exception.' Line number '6' and line position '9'. ---> System.Data.DuplicateNameException: A column named 'TOTAL' already belongs to this DataTable.
   at System.Data.DataColumnCollection.RegisterColumnName(String name, DataColumn column)
   at System.Data.DataColumnCollection.BaseAdd(DataColumn column)
   at System.Data.DataColumnCollection.AddAt(Int32 index, DataColumn column)
   at System.Data.DataColumnCollection.Add(String columnName)
   at DawnTech.wfgui.ReportDataDisplay.InitializeUI() in C:\Users\OSKA\Desktop\Git Repo\C#\DawnTech\DawnTech\wfgui\ReportDataDisplay.cs:line 47
   at DawnTech.wfgui.ReportDataDisplay..ctor() in C:\Users\OSKA\Desktop\Git Repo\C#\DawnTech\DawnTech\wfgui\ReportDataDisplay.cs:line 21
   at DawnTech.MainWindow.InitializeUI() in C:\Users\OSKA\Desktop\Git Repo\C#\DawnTech\DawnTech\MainWindow.xaml.cs:line 67
   at DawnTech.MainWindow..ctor() in C:\Users\OSKA\Desktop\Git Repo\C#\DawnTech\DawnTech\MainWindow.xaml.cs:line 39
   --- End of inner exception stack trace ---
   at System.Windows.Markup.WpfXamlLoader.Load(XamlReader xamlReader, IXamlObjectWriterFactory writerFactory, Boolean skipJournaledProperties, Object rootObject, XamlObjectWriterSettings settings, Uri baseUri)
   at System.Windows.Markup.WpfXamlLoader.LoadBaml(XamlReader xamlReader, Boolean skipJournaledProperties, Object rootObject, XamlAccessLevel accessLevel, Uri baseUri)
   at System.Windows.Markup.XamlReader.LoadBaml(Stream stream, ParserContext parserContext, Object parent, Boolean closeStream)
   at System.Windows.Application.LoadBamlStreamWithSyncInfo(Stream stream, ParserContext pc)
   at System.Windows.Application.LoadComponent(Uri resourceLocator, Boolean bSkipJournaledProperties)
   at System.Windows.Application.DoStartup()
   at System.Windows.Application.<.ctor>b__1_0(Object unused)
   at System.Windows.Threading.ExceptionWrapper.InternalRealCall(Delegate callback, Object args, Int32 numArgs)
   at System.Windows.Threading.ExceptionWrapper.TryCatchWhen(Object source, Delegate callback, Object args, Int32 numArgs, Delegate catchHandler)
   at System.Windows.Threading.DispatcherOperation.InvokeImpl()
   at System.Windows.Threading.DispatcherOperation.InvokeInSecurityContext(Object state)
   at MS.Internal.CulturePreservingExecutionContext.CallbackWrapper(Object obj)
   at System.Threading.ExecutionContext.RunInternal(ExecutionContext executionContext, ContextCallback callback, Object state, Boolean preserveSyncCtx)
   at System.Threading.ExecutionContext.Run(ExecutionContext executionContext, ContextCallback callback, Object state, Boolean preserveSyncCtx)
   at System.Threading.ExecutionContext.Run(ExecutionContext executionContext, ContextCallback callback, Object state)
   at MS.Internal.CulturePreservingExecutionContext.Run(CulturePreservingExecutionContext executionContext, ContextCallback callback, Object state)
   at System.Windows.Threading.DispatcherOperation.Invoke()
   at System.Windows.Threading.Dispatcher.ProcessQueue()
   at System.Windows.Threading.Dispatcher.WndProcHook(IntPtr hwnd, Int32 msg, IntPtr wParam, IntPtr lParam, Boolean& handled)
   at MS.Win32.HwndWrapper.WndProc(IntPtr hwnd, Int32 msg, IntPtr wParam, IntPtr lParam, Boolean& handled)
   at MS.Win32.HwndSubclass.DispatcherCallbackOperation(Object o)
   at System.Windows.Threading.ExceptionWrapper.InternalRealCall(Delegate callback, Object args, Int32 numArgs)
   at System.Windows.Threading.ExceptionWrapper.TryCatchWhen(Object source, Delegate callback, Object args, Int32 numArgs, Delegate catchHandler)
   at System.Windows.Threading.Dispatcher.LegacyInvokeImpl(DispatcherPriority priority, TimeSpan timeout, Delegate method, Object args, Int32 numArgs)
   at MS.Win32.HwndSubclass.SubclassWndProc(IntPtr hwnd, Int32 msg, IntPtr wParam, IntPtr lParam)
   at MS.Win32.UnsafeNativeMethods.DispatchMessage(MSG& msg)
   at System.Windows.Threading.Dispatcher.PushFrameImpl(DispatcherFrame frame)
   at System.Windows.Threading.Dispatcher.PushFrame(DispatcherFrame frame)
   at System.Windows.Application.RunDispatcher(Object ignore)
   at System.Windows.Application.RunInternal(Window window)
   at System.Windows.Application.Run(Window window)
   at System.Windows.Application.Run()
   at DawnTech.App.Main()Thread Error : System.FormatException: Input string was not in a correct format.
   at System.Number.StringToNumber(String str, NumberStyles options, NumberBuffer& number, NumberFormatInfo info, Boolean parseDecimal)
   at System.Number.ParseInt32(String s, NumberStyles style, NumberFormatInfo info)
   at System.Int32.Parse(String s)
   at DawnTech.Parser.readStringToDateTime(String date) in C:\Users\OSKA\Desktop\Git Repo\C#\DawnTech\DawnTech\util\Parse.cs:line 39
   at DawnTech.ExcelReader.readExcel(Int32 sheets) in C:\Users\OSKA\Desktop\Git Repo\C#\DawnTech\DawnTech\util\ExcelReader.cs:line 49
   at DawnTech.wfgui.ReportDataDisplay.<>c__DisplayClass14_0.<importBtn_Click>b__0(Object form_sender, FormData form_data) in C:\Users\OSKA\Desktop\Git Repo\C#\DawnTech\DawnTech\wfgui\ReportDataDisplay.cs:line 153
   at DawnTech.wfgui.ChooseDialog.OKBtn_Click(Object sender, EventArgs e) in C:\Users\OSKA\Desktop\Git Repo\C#\DawnTech\DawnTech\wfgui\ChooseDialog.cs:line 33
   at System.Windows.Forms.Control.OnClick(EventArgs e)
   at System.Windows.Forms.Button.OnClick(EventArgs e)
   at System.Windows.Forms.Button.OnMouseUp(MouseEventArgs mevent)
   at System.Windows.Forms.Control.WmMouseUp(Message& m, MouseButtons button, Int32 clicks)
   at System.Windows.Forms.Control.WndProc(Message& m)
   at System.Windows.Forms.ButtonBase.WndProc(Message& m)
   at System.Windows.Forms.Button.WndProc(Message& m)
   at System.Windows.Forms.Control.ControlNativeWindow.OnMessage(Message& m)
   at System.Windows.Forms.Control.ControlNativeWindow.WndProc(Message& m)
   at System.Windows.Forms.NativeWindow.Callback(IntPtr hWnd, Int32 msg, IntPtr wparam, IntPtr lparam)Thread Error : System.FormatException: Input string was not in a correct format.
   at System.Number.StringToNumber(String str, NumberStyles options, NumberBuffer& number, NumberFormatInfo info, Boolean parseDecimal)
   at System.Number.ParseInt32(String s, NumberStyles style, NumberFormatInfo info)
   at System.Int32.Parse(String s)
   at DawnTech.Parser.readStringToDateTime(String date) in C:\Users\OSKA\Desktop\Git Repo\C#\DawnTech\DawnTech\util\Parse.cs:line 39
   at DawnTech.ExcelReader.readExcel(Int32 sheets) in C:\Users\OSKA\Desktop\Git Repo\C#\DawnTech\DawnTech\util\ExcelReader.cs:line 49
   at DawnTech.wfgui.ReportDataDisplay.<>c__DisplayClass14_0.<importBtn_Click>b__0(Object form_sender, FormData form_data) in C:\Users\OSKA\Desktop\Git Repo\C#\DawnTech\DawnTech\wfgui\ReportDataDisplay.cs:line 153
   at DawnTech.wfgui.ChooseDialog.OKBtn_Click(Object sender, EventArgs e) in C:\Users\OSKA\Desktop\Git Repo\C#\DawnTech\DawnTech\wfgui\ChooseDialog.cs:line 33
   at System.Windows.Forms.Control.OnClick(EventArgs e)
   at System.Windows.Forms.Button.OnClick(EventArgs e)
   at System.Windows.Forms.Button.OnMouseUp(MouseEventArgs mevent)
   at System.Windows.Forms.Control.WmMouseUp(Message& m, MouseButtons button, Int32 clicks)
   at System.Windows.Forms.Control.WndProc(Message& m)
   at System.Windows.Forms.ButtonBase.WndProc(Message& m)
   at System.Windows.Forms.Button.WndProc(Message& m)
   at System.Windows.Forms.Control.ControlNativeWindow.OnMessage(Message& m)
   at System.Windows.Forms.Control.ControlNativeWindow.WndProc(Message& m)
   at System.Windows.Forms.NativeWindow.Callback(IntPtr hWnd, Int32 msg, IntPtr wparam, IntPtr lparam)Thread Error : System.FormatException: Input string was not in a correct format.
   at System.Number.StringToNumber(String str, NumberStyles options, NumberBuffer& number, NumberFormatInfo info, Boolean parseDecimal)
   at System.Number.ParseInt32(String s, NumberStyles style, NumberFormatInfo info)
   at System.Int32.Parse(String s)
   at DawnTech.Parser.readStringToDateTime(String date) in C:\Users\OSKA\Desktop\Git Repo\C#\DawnTech\DawnTech\util\Parse.cs:line 39
   at DawnTech.ExcelReader.readExcel(Int32 sheets) in C:\Users\OSKA\Desktop\Git Repo\C#\DawnTech\DawnTech\util\ExcelReader.cs:line 49
   at DawnTech.wfgui.ReportDataDisplay.<>c__DisplayClass14_0.<importBtn_Click>b__0(Object form_sender, FormData form_data) in C:\Users\OSKA\Desktop\Git Repo\C#\DawnTech\DawnTech\wfgui\ReportDataDisplay.cs:line 153
   at DawnTech.wfgui.ChooseDialog.OKBtn_Click(Object sender, EventArgs e) in C:\Users\OSKA\Desktop\Git Repo\C#\DawnTech\DawnTech\wfgui\ChooseDialog.cs:line 33
   at System.Windows.Forms.Control.OnClick(EventArgs e)
   at System.Windows.Forms.Button.OnClick(EventArgs e)
   at System.Windows.Forms.Button.OnMouseUp(MouseEventArgs mevent)
   at System.Windows.Forms.Control.WmMouseUp(Message& m, MouseButtons button, Int32 clicks)
   at System.Windows.Forms.Control.WndProc(Message& m)
   at System.Windows.Forms.ButtonBase.WndProc(Message& m)
   at System.Windows.Forms.Button.WndProc(Message& m)
   at System.Windows.Forms.Control.ControlNativeWindow.OnMessage(Message& m)
   at System.Windows.Forms.Control.ControlNativeWindow.WndProc(Message& m)
   at System.Windows.Forms.NativeWindow.Callback(IntPtr hWnd, Int32 msg, IntPtr wparam, IntPtr lparam)Thread Error : System.FormatException: Input string was not in a correct format.
   at System.Number.StringToNumber(String str, NumberStyles options, NumberBuffer& number, NumberFormatInfo info, Boolean parseDecimal)
   at System.Number.ParseInt32(String s, NumberStyles style, NumberFormatInfo info)
   at System.Int32.Parse(String s)
   at DawnTech.Parser.readStringToDateTime(String date) in C:\Users\OSKA\Desktop\Git Repo\C#\DawnTech\DawnTech\util\Parse.cs:line 39
   at DawnTech.ExcelReader.readExcel(Int32 sheets) in C:\Users\OSKA\Desktop\Git Repo\C#\DawnTech\DawnTech\util\ExcelReader.cs:line 49
   at DawnTech.wfgui.ReportDataDisplay.<>c__DisplayClass14_0.<importBtn_Click>b__0(Object form_sender, FormData form_data) in C:\Users\OSKA\Desktop\Git Repo\C#\DawnTech\DawnTech\wfgui\ReportDataDisplay.cs:line 153
   at DawnTech.wfgui.ChooseDialog.OKBtn_Click(Object sender, EventArgs e) in C:\Users\OSKA\Desktop\Git Repo\C#\DawnTech\DawnTech\wfgui\ChooseDialog.cs:line 33
   at System.Windows.Forms.Control.OnClick(EventArgs e)
   at System.Windows.Forms.Button.OnClick(EventArgs e)
   at System.Windows.Forms.Button.OnMouseUp(MouseEventArgs mevent)
   at System.Windows.Forms.Control.WmMouseUp(Message& m, MouseButtons button, Int32 clicks)
   at System.Windows.Forms.Control.WndProc(Message& m)
   at System.Windows.Forms.ButtonBase.WndProc(Message& m)
   at System.Windows.Forms.Button.WndProc(Message& m)
   at System.Windows.Forms.Control.ControlNativeWindow.OnMessage(Message& m)
   at System.Windows.Forms.Control.ControlNativeWindow.WndProc(Message& m)
   at System.Windows.Forms.NativeWindow.Callback(IntPtr hWnd, Int32 msg, IntPtr wparam, IntPtr lparam)Thread Error : System.FormatException: Input string was not in a correct format.
   at System.Number.StringToNumber(String str, NumberStyles options, NumberBuffer& number, NumberFormatInfo info, Boolean parseDecimal)
   at System.Number.ParseInt32(String s, NumberStyles style, NumberFormatInfo info)
   at System.Int32.Parse(String s)
   at DawnTech.Parser.readStringToDateTime(String date) in C:\Users\OSKA\Desktop\Git Repo\C#\DawnTech\DawnTech\util\Parse.cs:line 39
   at DawnTech.ExcelReader.readExcel(Int32 sheets) in C:\Users\OSKA\Desktop\Git Repo\C#\DawnTech\DawnTech\util\ExcelReader.cs:line 49
   at DawnTech.wfgui.ReportDataDisplay.<>c__DisplayClass14_0.<importBtn_Click>b__0(Object form_sender, FormData form_data) in C:\Users\OSKA\Desktop\Git Repo\C#\DawnTech\DawnTech\wfgui\ReportDataDisplay.cs:line 153
   at DawnTech.wfgui.ChooseDialog.OKBtn_Click(Object sender, EventArgs e) in C:\Users\OSKA\Desktop\Git Repo\C#\DawnTech\DawnTech\wfgui\ChooseDialog.cs:line 33
   at System.Windows.Forms.Control.OnClick(EventArgs e)
   at System.Windows.Forms.Button.OnClick(EventArgs e)
   at System.Windows.Forms.Button.OnMouseUp(MouseEventArgs mevent)
   at System.Windows.Forms.Control.WmMouseUp(Message& m, MouseButtons button, Int32 clicks)
   at System.Windows.Forms.Control.WndProc(Message& m)
   at System.Windows.Forms.ButtonBase.WndProc(Message& m)
   at System.Windows.Forms.Button.WndProc(Message& m)
   at System.Windows.Forms.Control.ControlNativeWindow.OnMessage(Message& m)
   at System.Windows.Forms.Control.ControlNativeWindow.WndProc(Message& m)
   at System.Windows.Forms.NativeWindow.Callback(IntPtr hWnd, Int32 msg, IntPtr wparam, IntPtr lparam)Thread Error : System.FormatException: Input string was not in a correct format.
   at System.Number.StringToNumber(String str, NumberStyles options, NumberBuffer& number, NumberFormatInfo info, Boolean parseDecimal)
   at System.Number.ParseInt32(String s, NumberStyles style, NumberFormatInfo info)
   at System.Int32.Parse(String s)
   at DawnTech.Parser.readStringToDateTime(String date) in C:\Users\OSKA\Desktop\Git Repo\C#\DawnTech\DawnTech\util\Parse.cs:line 39
   at DawnTech.ExcelReader.readExcel(Int32 sheets) in C:\Users\OSKA\Desktop\Git Repo\C#\DawnTech\DawnTech\util\ExcelReader.cs:line 49
   at DawnTech.wfgui.ReportDataDisplay.<>c__DisplayClass14_0.<importBtn_Click>b__0(Object form_sender, FormData form_data) in C:\Users\OSKA\Desktop\Git Repo\C#\DawnTech\DawnTech\wfgui\ReportDataDisplay.cs:line 153
   at DawnTech.wfgui.ChooseDialog.OKBtn_Click(Object sender, EventArgs e) in C:\Users\OSKA\Desktop\Git Repo\C#\DawnTech\DawnTech\wfgui\ChooseDialog.cs:line 33
   at System.Windows.Forms.Control.OnClick(EventArgs e)
   at System.Windows.Forms.Button.OnClick(EventArgs e)
   at System.Windows.Forms.Button.OnMouseUp(MouseEventArgs mevent)
   at System.Windows.Forms.Control.WmMouseUp(Message& m, MouseButtons button, Int32 clicks)
   at System.Windows.Forms.Control.WndProc(Message& m)
   at System.Windows.Forms.ButtonBase.WndProc(Message& m)
   at System.Windows.Forms.Button.WndProc(Message& m)
   at System.Windows.Forms.Control.ControlNativeWindow.OnMessage(Message& m)
   at System.Windows.Forms.Control.ControlNativeWindow.WndProc(Message& m)
   at System.Windows.Forms.NativeWindow.Callback(IntPtr hWnd, Int32 msg, IntPtr wparam, IntPtr lparam)Thread Error : System.FormatException: Input string was not in a correct format.
   at System.Number.StringToNumber(String str, NumberStyles options, NumberBuffer& number, NumberFormatInfo info, Boolean parseDecimal)
   at System.Number.ParseInt32(String s, NumberStyles style, NumberFormatInfo info)
   at System.Int32.Parse(String s)
   at DawnTech.Parser.readStringToDateTime(String date) in C:\Users\OSKA\Desktop\Git Repo\C#\DawnTech\DawnTech\util\Parse.cs:line 39
   at DawnTech.ExcelReader.readExcel(Int32 sheets) in C:\Users\OSKA\Desktop\Git Repo\C#\DawnTech\DawnTech\util\ExcelReader.cs:line 49
   at DawnTech.wfgui.ReportDataDisplay.<>c__DisplayClass14_0.<importBtn_Click>b__0(Object form_sender, FormData form_data) in C:\Users\OSKA\Desktop\Git Repo\C#\DawnTech\DawnTech\wfgui\ReportDataDisplay.cs:line 153
   at DawnTech.wfgui.ChooseDialog.OKBtn_Click(Object sender, EventArgs e) in C:\Users\OSKA\Desktop\Git Repo\C#\DawnTech\DawnTech\wfgui\ChooseDialog.cs:line 33
   at System.Windows.Forms.Control.OnClick(EventArgs e)
   at System.Windows.Forms.Button.OnClick(EventArgs e)
   at System.Windows.Forms.Button.OnMouseUp(MouseEventArgs mevent)
   at System.Windows.Forms.Control.WmMouseUp(Message& m, MouseButtons button, Int32 clicks)
   at System.Windows.Forms.Control.WndProc(Message& m)
   at System.Windows.Forms.ButtonBase.WndProc(Message& m)
   at System.Windows.Forms.Button.WndProc(Message& m)
   at System.Windows.Forms.Control.ControlNativeWindow.OnMessage(Message& m)
   at System.Windows.Forms.Control.ControlNativeWindow.WndProc(Message& m)
   at System.Windows.Forms.NativeWindow.Callback(IntPtr hWnd, Int32 msg, IntPtr wparam, IntPtr lparam)Thread Error : System.FormatException: Input string was not in a correct format.
   at System.Number.StringToNumber(String str, NumberStyles options, NumberBuffer& number, NumberFormatInfo info, Boolean parseDecimal)
   at System.Number.ParseInt32(String s, NumberStyles style, NumberFormatInfo info)
   at System.Int32.Parse(String s)
   at DawnTech.Parser.readStringToDateTime(String date) in C:\Users\OSKA\Desktop\Git Repo\C#\DawnTech\DawnTech\util\Parse.cs:line 39
   at DawnTech.ExcelReader.readExcel(Int32 sheets) in C:\Users\OSKA\Desktop\Git Repo\C#\DawnTech\DawnTech\util\ExcelReader.cs:line 49
   at DawnTech.wfgui.ReportDataDisplay.<>c__DisplayClass14_0.<importBtn_Click>b__0(Object form_sender, FormData form_data) in C:\Users\OSKA\Desktop\Git Repo\C#\DawnTech\DawnTech\wfgui\ReportDataDisplay.cs:line 153
   at DawnTech.wfgui.ChooseDialog.OKBtn_Click(Object sender, EventArgs e) in C:\Users\OSKA\Desktop\Git Repo\C#\DawnTech\DawnTech\wfgui\ChooseDialog.cs:line 33
   at System.Windows.Forms.Control.OnClick(EventArgs e)
   at System.Windows.Forms.Button.OnClick(EventArgs e)
   at System.Windows.Forms.Button.OnMouseUp(MouseEventArgs mevent)
   at System.Windows.Forms.Control.WmMouseUp(Message& m, MouseButtons button, Int32 clicks)
   at System.Windows.Forms.Control.WndProc(Message& m)
   at System.Windows.Forms.ButtonBase.WndProc(Message& m)
   at System.Windows.Forms.Button.WndProc(Message& m)
   at System.Windows.Forms.Control.ControlNativeWindow.OnMessage(Message& m)
   at System.Windows.Forms.Control.ControlNativeWindow.WndProc(Message& m)
   at System.Windows.Forms.NativeWindow.Callback(IntPtr hWnd, Int32 msg, IntPtr wparam, IntPtr lparam)Thread Error : System.FormatException: Input string was not in a correct format.
   at System.Number.StringToNumber(String str, NumberStyles options, NumberBuffer& number, NumberFormatInfo info, Boolean parseDecimal)
   at System.Number.ParseInt32(String s, NumberStyles style, NumberFormatInfo info)
   at System.Int32.Parse(String s)
   at DawnTech.Parser.readStringToDateTime(String date) in C:\Users\OSKA\Desktop\Git Repo\C#\DawnTech\DawnTech\util\Parse.cs:line 39
   at DawnTech.ExcelReader.readExcel(Int32 sheets) in C:\Users\OSKA\Desktop\Git Repo\C#\DawnTech\DawnTech\util\ExcelReader.cs:line 49
   at DawnTech.wfgui.ReportDataDisplay.<>c__DisplayClass14_0.<importBtn_Click>b__0(Object form_sender, FormData form_data) in C:\Users\OSKA\Desktop\Git Repo\C#\DawnTech\DawnTech\wfgui\ReportDataDisplay.cs:line 153
   at DawnTech.wfgui.ChooseDialog.OKBtn_Click(Object sender, EventArgs e) in C:\Users\OSKA\Desktop\Git Repo\C#\DawnTech\DawnTech\wfgui\ChooseDialog.cs:line 33
   at System.Windows.Forms.Control.OnClick(EventArgs e)
   at System.Windows.Forms.Button.OnClick(EventArgs e)
   at System.Windows.Forms.Button.OnMouseUp(MouseEventArgs mevent)
   at System.Windows.Forms.Control.WmMouseUp(Message& m, MouseButtons button, Int32 clicks)
   at System.Windows.Forms.Control.WndProc(Message& m)
   at System.Windows.Forms.ButtonBase.WndProc(Message& m)
   at System.Windows.Forms.Button.WndProc(Message& m)
   at System.Windows.Forms.Control.ControlNativeWindow.OnMessage(Message& m)
   at System.Windows.Forms.Control.ControlNativeWindow.WndProc(Message& m)
   at System.Windows.Forms.NativeWindow.Callback(IntPtr hWnd, Int32 msg, IntPtr wparam, IntPtr lparam)